<?xml version="1.0" encoding="UTF-8"?>
<testsuite xmlns:xsi="http://www.w3.org/2001/XMLSchema-instance" xsi:noNamespaceSchemaLocation="https://maven.apache.org/surefire/maven-surefire-plugin/xsd/surefire-test-report-3.0.xsd" version="3.0" name="BankAccountTest" time="0.133" tests="18" errors="0" skipped="0" failures="0">
  <properties>
[...]
</properties>
  <testcase name="testPaymentWithNegativeTotalAmount" classname="BankAccountTest" time="0.065"/>
  <testcase name="testPendingWithInterestRateGreaterThanOne" classname="BankAccountTest" time="0.003"/>
  <testcase name="testWithdrawSufficientBalance" classname="BankAccountTest" time="0.002"/>
  <testcase name="testPendingWithZeroNPayments" classname="BankAccountTest" time="0.003"/>
  <testcase name="testPayment" classname="BankAccountTest" time="0.0"/>
  <testcase name="testPaymentWithNegativeInterest" classname="BankAccountTest" time="0.002"/>
  <testcase name="testPendingWithNegativeInterest" classname="BankAccountTest" time="0.0"/>
  <testcase name="testPending" classname="BankAccountTest" time="0.0"/>
  <testcase name="testWithdrawInsufficientBalance" classname="BankAccountTest" time="0.002"/>
  <testcase name="testPendingWithNegativeTotalAmount" classname="BankAccountTest" time="0.002"/>
  <testcase name="testPendingWithNegativeMonth" classname="BankAccountTest" time="0.001"/>
  <testcase name="testPaymentWithZeroNPayments" classname="BankAccountTest" time="0.003"/>
  <testcase name="testPendingWithNegativeInterestRate" classname="BankAccountTest" time="0.001"/>
  <testcase name="testDepositNegativeAmount" classname="BankAccountTest" time="0.003"/>
  <testcase name="testPaymentWithNegativeInterestRate" classname="BankAccountTest" time="0.001"/>
  <testcase name="testDeposit" classname="BankAccountTest" time="0.001"/>
  <testcase name="testWithdrawNegativeAmount" classname="BankAccountTest" time="0.001"/>
  <testcase name="testPaymentWithInterestRateGreaterThanOne" classname="BankAccountTest" time="0.001"/>
</testsuite>